Copyright 1986-2022 Xilinx, Inc. All Rights Reserved. Copyright 2022-2024 Advanced Micro Devices, Inc. All Rights Reserved.
---------------------------------------------------------------------------------------------------------------------------------------------
| Tool Version : Vivado v.2024.1 (win64) Build 5076996 Wed May 22 18:37:14 MDT 2024
| Date         : Wed Dec 18 13:47:27 2024
| Host         : DESKTOP-KN6803L running 64-bit major release  (build 9200)
| Command      : report_control_sets -verbose -file design_3_wrapper_control_sets_placed.rpt
| Design       : design_3_wrapper
| Device       : xc7z020
---------------------------------------------------------------------------------------------------------------------------------------------

Control Set Information

Table of Contents
-----------------
1. Summary
2. Histogram
3. Flip-Flop Distribution
4. Detailed Control Set Information

1. Summary
----------

+----------------------------------------------------------+-------+
|                          Status                          | Count |
+----------------------------------------------------------+-------+
| Total control sets                                       |    96 |
|    Minimum number of control sets                        |    96 |
|    Addition due to synthesis replication                 |     0 |
|    Addition due to physical synthesis replication        |     0 |
| Unused register locations in slices containing registers |   241 |
+----------------------------------------------------------+-------+
* Control sets can be merged at opt_design using control_set_merge or merge_equivalent_drivers
** Run report_qor_suggestions for automated merging and remapping suggestions


2. Histogram
------------

+--------------------+-------+
|       Fanout       | Count |
+--------------------+-------+
| Total control sets |    96 |
| >= 0 to < 4        |     2 |
| >= 4 to < 6        |    33 |
| >= 6 to < 8        |     1 |
| >= 8 to < 10       |     8 |
| >= 10 to < 12      |     1 |
| >= 12 to < 14      |     5 |
| >= 14 to < 16      |     2 |
| >= 16              |    44 |
+--------------------+-------+
* Control sets can be remapped at either synth_design or opt_design


3. Flip-Flop Distribution
-------------------------

+--------------+-----------------------+------------------------+-----------------+--------------+
| Clock Enable | Synchronous Set/Reset | Asynchronous Set/Reset | Total Registers | Total Slices |
+--------------+-----------------------+------------------------+-----------------+--------------+
| No           | No                    | No                     |             560 |          179 |
| No           | No                    | Yes                    |               0 |            0 |
| No           | Yes                   | No                     |             512 |          176 |
| Yes          | No                    | No                     |             654 |          247 |
| Yes          | No                    | Yes                    |               0 |            0 |
| Yes          | Yes                   | No                     |             521 |          185 |
+--------------+-----------------------+------------------------+-----------------+--------------+


4. Detailed Control Set Information
-----------------------------------

+-------------------------------------------------+----------------------------------------------------------------------------------------------------------------------------------------------------------------+-------------------------------------------------------------------------------------------------------------------------------------------------------+------------------+----------------+--------------+
|                   Clock Signal                  |                                                                          Enable Signal                                                                         |                                                                    Set/Reset Signal                                                                   | Slice Load Count | Bel Load Count | Bels / Slice |
+-------------------------------------------------+----------------------------------------------------------------------------------------------------------------------------------------------------------------+-------------------------------------------------------------------------------------------------------------------------------------------------------+------------------+----------------+--------------+
|  design_3_i/processing_system7_1/inst/FCLK_CLK0 | design_3_i/ps7_0_axi_periph/s00_couplers/auto_pc/inst/gen_axilite.gen_b2s_conv.axilite_b2s/WR.aw_channel_0/aw_cmd_fsm_0/FSM_sequential_state_reg[0]_1          | design_3_i/ps7_0_axi_periph/s00_couplers/auto_pc/inst/gen_axilite.gen_b2s_conv.axilite_b2s/WR.aw_channel_0/aw_cmd_fsm_0/FSM_sequential_state_reg[0]_0 |                1 |              1 |         1.00 |
|  design_3_i/processing_system7_1/inst/FCLK_CLK0 | design_3_i/ps7_0_axi_periph/s00_couplers/auto_pc/inst/gen_axilite.gen_b2s_conv.axilite_b2s/WR.b_channel_0/bid_fifo_0/sel                                       |                                                                                                                                                       |                1 |              2 |         2.00 |
|  design_3_i/processing_system7_1/inst/FCLK_CLK0 |                                                                                                                                                                | design_3_i/axi_gpio_3/U0/AXI_LITE_IPIF_I/I_SLAVE_ATTACHMENT/clear                                                                                     |                1 |              4 |         4.00 |
|  design_3_i/processing_system7_1/inst/FCLK_CLK0 | design_3_i/axi_gpio_2/U0/AXI_LITE_IPIF_I/I_SLAVE_ATTACHMENT/start2                                                                                             | design_3_i/axi_gpio_2/U0/AXI_LITE_IPIF_I/I_SLAVE_ATTACHMENT/I_DECODER/cs_ce_clr                                                                       |                1 |              4 |         4.00 |
|  design_3_i/processing_system7_1/inst/FCLK_CLK0 | design_3_i/axi_gpio_0/U0/AXI_LITE_IPIF_I/I_SLAVE_ATTACHMENT/start2                                                                                             | design_3_i/axi_gpio_0/U0/AXI_LITE_IPIF_I/I_SLAVE_ATTACHMENT/I_DECODER/cs_ce_clr                                                                       |                1 |              4 |         4.00 |
|  design_3_i/processing_system7_1/inst/FCLK_CLK0 |                                                                                                                                                                | design_3_i/axi_gpio_5/U0/AXI_LITE_IPIF_I/I_SLAVE_ATTACHMENT/clear                                                                                     |                1 |              4 |         4.00 |
|  design_3_i/processing_system7_1/inst/FCLK_CLK0 |                                                                                                                                                                | design_3_i/axi_gpio_0/U0/AXI_LITE_IPIF_I/I_SLAVE_ATTACHMENT/clear                                                                                     |                1 |              4 |         4.00 |
|  design_3_i/processing_system7_1/inst/FCLK_CLK0 | design_3_i/ps7_0_axi_periph/s00_couplers/auto_pc/inst/gen_axilite.gen_b2s_conv.axilite_b2s/RD.ar_channel_0/ar_cmd_fsm_0/m_axi_arready_2                        | design_3_i/ps7_0_axi_periph/s00_couplers/auto_pc/inst/gen_axilite.gen_b2s_conv.axilite_b2s/RD.ar_channel_0/ar_cmd_fsm_0/FSM_sequential_state_reg[1]_0 |                2 |              4 |         2.00 |
|  design_3_i/processing_system7_1/inst/FCLK_CLK0 | design_3_i/axi_gpio_7/U0/AXI_LITE_IPIF_I/I_SLAVE_ATTACHMENT/start2                                                                                             | design_3_i/axi_gpio_7/U0/AXI_LITE_IPIF_I/I_SLAVE_ATTACHMENT/I_DECODER/cs_ce_clr                                                                       |                1 |              4 |         4.00 |
|  design_3_i/processing_system7_1/inst/FCLK_CLK0 |                                                                                                                                                                | design_3_i/proc_sys_reset_1/U0/EXT_LPF/lpf_int                                                                                                        |                3 |              4 |         1.33 |
|  design_3_i/processing_system7_1/inst/FCLK_CLK0 | design_3_i/axi_gpio_0/U0/AXI_LITE_IPIF_I/I_SLAVE_ATTACHMENT/bus2ip_addr_i[8]_i_1_n_0                                                                           | design_3_i/axi_gpio_0/U0/AXI_LITE_IPIF_I/I_SLAVE_ATTACHMENT/SR[0]                                                                                     |                4 |              4 |         1.00 |
|  design_3_i/processing_system7_1/inst/FCLK_CLK0 |                                                                                                                                                                | design_3_i/axi_gpio_1/U0/AXI_LITE_IPIF_I/I_SLAVE_ATTACHMENT/clear                                                                                     |                1 |              4 |         4.00 |
|  design_3_i/processing_system7_1/inst/FCLK_CLK0 | design_3_i/axi_gpio_2/U0/AXI_LITE_IPIF_I/I_SLAVE_ATTACHMENT/bus2ip_addr_i[8]_i_1_n_0                                                                           | design_3_i/axi_gpio_2/U0/AXI_LITE_IPIF_I/I_SLAVE_ATTACHMENT/SR[0]                                                                                     |                3 |              4 |         1.33 |
|  design_3_i/processing_system7_1/inst/FCLK_CLK0 | design_3_i/axi_gpio_4/U0/AXI_LITE_IPIF_I/I_SLAVE_ATTACHMENT/bus2ip_addr_i[8]_i_1_n_0                                                                           | design_3_i/axi_gpio_4/U0/AXI_LITE_IPIF_I/I_SLAVE_ATTACHMENT/SR[0]                                                                                     |                1 |              4 |         4.00 |
|  design_3_i/processing_system7_1/inst/FCLK_CLK0 | design_3_i/axi_gpio_1/U0/AXI_LITE_IPIF_I/I_SLAVE_ATTACHMENT/bus2ip_addr_i[8]_i_1_n_0                                                                           | design_3_i/axi_gpio_1/U0/AXI_LITE_IPIF_I/I_SLAVE_ATTACHMENT/SR[0]                                                                                     |                1 |              4 |         4.00 |
|  design_3_i/processing_system7_1/inst/FCLK_CLK0 |                                                                                                                                                                | design_3_i/axi_gpio_4/U0/AXI_LITE_IPIF_I/I_SLAVE_ATTACHMENT/clear                                                                                     |                1 |              4 |         4.00 |
|  design_3_i/processing_system7_1/inst/FCLK_CLK0 | design_3_i/axi_gpio_3/U0/AXI_LITE_IPIF_I/I_SLAVE_ATTACHMENT/bus2ip_addr_i[8]_i_1_n_0                                                                           | design_3_i/axi_gpio_3/U0/AXI_LITE_IPIF_I/I_SLAVE_ATTACHMENT/SS[0]                                                                                     |                1 |              4 |         4.00 |
|  design_3_i/processing_system7_1/inst/FCLK_CLK0 | design_3_i/axi_gpio_3/U0/AXI_LITE_IPIF_I/I_SLAVE_ATTACHMENT/start2                                                                                             | design_3_i/axi_gpio_3/U0/AXI_LITE_IPIF_I/I_SLAVE_ATTACHMENT/I_DECODER/cs_ce_clr                                                                       |                2 |              4 |         2.00 |
|  design_3_i/processing_system7_1/inst/FCLK_CLK0 |                                                                                                                                                                | design_3_i/axi_gpio_2/U0/AXI_LITE_IPIF_I/I_SLAVE_ATTACHMENT/clear                                                                                     |                1 |              4 |         4.00 |
|  design_3_i/processing_system7_1/inst/FCLK_CLK0 | design_3_i/axi_gpio_8/U0/AXI_LITE_IPIF_I/I_SLAVE_ATTACHMENT/start2                                                                                             | design_3_i/axi_gpio_8/U0/AXI_LITE_IPIF_I/I_SLAVE_ATTACHMENT/I_DECODER/cs_ce_clr                                                                       |                1 |              4 |         4.00 |
|  design_3_i/processing_system7_1/inst/FCLK_CLK0 | design_3_i/axi_gpio_4/U0/AXI_LITE_IPIF_I/I_SLAVE_ATTACHMENT/start2                                                                                             | design_3_i/axi_gpio_4/U0/AXI_LITE_IPIF_I/I_SLAVE_ATTACHMENT/I_DECODER/cs_ce_clr                                                                       |                2 |              4 |         2.00 |
|  design_3_i/processing_system7_1/inst/FCLK_CLK0 |                                                                                                                                                                | design_3_i/axi_gpio_6/U0/AXI_LITE_IPIF_I/I_SLAVE_ATTACHMENT/clear                                                                                     |                1 |              4 |         4.00 |
|  design_3_i/processing_system7_1/inst/FCLK_CLK0 | design_3_i/axi_gpio_8/U0/AXI_LITE_IPIF_I/I_SLAVE_ATTACHMENT/bus2ip_addr_i[8]_i_1_n_0                                                                           | design_3_i/axi_gpio_8/U0/AXI_LITE_IPIF_I/I_SLAVE_ATTACHMENT/SR[0]                                                                                     |                1 |              4 |         4.00 |
|  design_3_i/processing_system7_1/inst/FCLK_CLK0 |                                                                                                                                                                | design_3_i/axi_gpio_7/U0/AXI_LITE_IPIF_I/I_SLAVE_ATTACHMENT/clear                                                                                     |                1 |              4 |         4.00 |
|  design_3_i/processing_system7_1/inst/FCLK_CLK0 | design_3_i/axi_gpio_7/U0/AXI_LITE_IPIF_I/I_SLAVE_ATTACHMENT/bus2ip_addr_i[8]_i_1_n_0                                                                           | design_3_i/axi_gpio_7/U0/AXI_LITE_IPIF_I/I_SLAVE_ATTACHMENT/SS[0]                                                                                     |                2 |              4 |         2.00 |
|  design_3_i/processing_system7_1/inst/FCLK_CLK0 | design_3_i/axi_gpio_1/U0/AXI_LITE_IPIF_I/I_SLAVE_ATTACHMENT/start2                                                                                             | design_3_i/axi_gpio_1/U0/AXI_LITE_IPIF_I/I_SLAVE_ATTACHMENT/I_DECODER/cs_ce_clr                                                                       |                1 |              4 |         4.00 |
|  design_3_i/processing_system7_1/inst/FCLK_CLK0 |                                                                                                                                                                | design_3_i/axi_gpio_8/U0/AXI_LITE_IPIF_I/I_SLAVE_ATTACHMENT/clear                                                                                     |                1 |              4 |         4.00 |
|  design_3_i/processing_system7_1/inst/FCLK_CLK0 | design_3_i/axi_gpio_6/U0/AXI_LITE_IPIF_I/I_SLAVE_ATTACHMENT/bus2ip_addr_i[8]_i_1_n_0                                                                           | design_3_i/axi_gpio_6/U0/AXI_LITE_IPIF_I/I_SLAVE_ATTACHMENT/SR[0]                                                                                     |                1 |              4 |         4.00 |
|  design_3_i/processing_system7_1/inst/FCLK_CLK0 | design_3_i/axi_gpio_6/U0/AXI_LITE_IPIF_I/I_SLAVE_ATTACHMENT/start2                                                                                             | design_3_i/axi_gpio_6/U0/AXI_LITE_IPIF_I/I_SLAVE_ATTACHMENT/I_DECODER/cs_ce_clr                                                                       |                1 |              4 |         4.00 |
|  design_3_i/processing_system7_1/inst/FCLK_CLK0 |                                                                                                                                                                | design_3_i/ps7_0_axi_periph/s00_couplers/auto_pc/inst/gen_axilite.gen_b2s_conv.axilite_b2s/SI_REG/aw.aw_pipe/aresetn_d_reg[1]_inv_0                   |                3 |              4 |         1.33 |
|  design_3_i/processing_system7_1/inst/FCLK_CLK0 |                                                                                                                                                                | design_3_i/ps7_0_axi_periph/s00_couplers/auto_pc/inst/gen_axilite.gen_b2s_conv.axilite_b2s/SI_REG/aw.aw_pipe/aresetn_d_reg[0]_0                       |                3 |              4 |         1.33 |
|  design_3_i/processing_system7_1/inst/FCLK_CLK0 | design_3_i/axi_gpio_5/U0/AXI_LITE_IPIF_I/I_SLAVE_ATTACHMENT/bus2ip_addr_i[8]_i_1_n_0                                                                           | design_3_i/axi_gpio_5/U0/AXI_LITE_IPIF_I/I_SLAVE_ATTACHMENT/SR[0]                                                                                     |                1 |              4 |         4.00 |
|  design_3_i/processing_system7_1/inst/FCLK_CLK0 | design_3_i/axi_gpio_5/U0/AXI_LITE_IPIF_I/I_SLAVE_ATTACHMENT/start2                                                                                             | design_3_i/axi_gpio_5/U0/AXI_LITE_IPIF_I/I_SLAVE_ATTACHMENT/I_DECODER/cs_ce_clr                                                                       |                2 |              4 |         2.00 |
|  design_3_i/processing_system7_1/inst/FCLK_CLK0 | design_3_i/ps7_0_axi_periph/s00_couplers/auto_pc/inst/gen_axilite.gen_b2s_conv.axilite_b2s/RD.r_channel_0/rd_data_fifo_0/cnt_read[4]_i_1__0_n_0                | design_3_i/ps7_0_axi_periph/s00_couplers/auto_pc/inst/gen_axilite.gen_b2s_conv.axilite_b2s/areset_d1                                                  |                2 |              5 |         2.50 |
|  design_3_i/processing_system7_1/inst/FCLK_CLK0 | design_3_i/ps7_0_axi_periph/s00_couplers/auto_pc/inst/gen_axilite.gen_b2s_conv.axilite_b2s/RD.r_channel_0/transaction_fifo_0/cnt_read[4]_i_1_n_0               | design_3_i/ps7_0_axi_periph/s00_couplers/auto_pc/inst/gen_axilite.gen_b2s_conv.axilite_b2s/areset_d1                                                  |                2 |              5 |         2.50 |
|  design_3_i/processing_system7_1/inst/FCLK_CLK0 | design_3_i/proc_sys_reset_1/U0/SEQ/seq_cnt_en                                                                                                                  | design_3_i/proc_sys_reset_1/U0/SEQ/SEQ_COUNTER/clear                                                                                                  |                2 |              6 |         3.00 |
|  design_3_i/processing_system7_1/inst/FCLK_CLK0 | design_3_i/ps7_0_axi_periph/s00_couplers/auto_pc/inst/gen_axilite.gen_b2s_conv.axilite_b2s/WR.b_channel_0/mhandshake_r                                         | design_3_i/ps7_0_axi_periph/s00_couplers/auto_pc/inst/gen_axilite.gen_b2s_conv.axilite_b2s/WR.b_channel_0/bid_fifo_0/SR[0]                            |                2 |              8 |         4.00 |
|  design_3_i/processing_system7_1/inst/FCLK_CLK0 |                                                                                                                                                                | design_3_i/axi_gpio_4/U0/gpio_core_1/Read_Reg_Rst__0                                                                                                  |                3 |              8 |         2.67 |
|  design_3_i/processing_system7_1/inst/FCLK_CLK0 |                                                                                                                                                                | design_3_i/axi_gpio_6/U0/AXI_LITE_IPIF_I/I_SLAVE_ATTACHMENT/I_DECODER/bus2ip_rnw_i_reg                                                                |                2 |              8 |         4.00 |
|  design_3_i/processing_system7_1/inst/FCLK_CLK0 | design_3_i/axi_gpio_4/U0/AXI_LITE_IPIF_I/I_SLAVE_ATTACHMENT/I_DECODER/E[0]                                                                                     | design_3_i/axi_gpio_4/U0/AXI_LITE_IPIF_I/I_SLAVE_ATTACHMENT/SR[0]                                                                                     |                3 |              8 |         2.67 |
|  design_3_i/processing_system7_1/inst/FCLK_CLK0 | design_3_i/axi_gpio_6/U0/AXI_LITE_IPIF_I/I_SLAVE_ATTACHMENT/I_DECODER/E[0]                                                                                     | design_3_i/axi_gpio_6/U0/AXI_LITE_IPIF_I/I_SLAVE_ATTACHMENT/SR[0]                                                                                     |                2 |              8 |         4.00 |
|  design_3_i/processing_system7_1/inst/FCLK_CLK0 | design_3_i/rsa_decrypt_0/inst/calc_done                                                                                                                        |                                                                                                                                                       |                8 |              8 |         1.00 |
|  design_3_i/processing_system7_1/inst/FCLK_CLK0 | design_3_i/axi_gpio_4/U0/AXI_LITE_IPIF_I/I_SLAVE_ATTACHMENT/s_axi_rresp_i                                                                                      | design_3_i/axi_gpio_4/U0/AXI_LITE_IPIF_I/I_SLAVE_ATTACHMENT/SR[0]                                                                                     |                4 |              9 |         2.25 |
|  design_3_i/processing_system7_1/inst/FCLK_CLK0 | design_3_i/axi_gpio_6/U0/AXI_LITE_IPIF_I/I_SLAVE_ATTACHMENT/s_axi_rresp_i                                                                                      | design_3_i/axi_gpio_6/U0/AXI_LITE_IPIF_I/I_SLAVE_ATTACHMENT/SR[0]                                                                                     |                2 |              9 |         4.50 |
|  design_3_i/processing_system7_1/inst/FCLK_CLK0 |                                                                                                                                                                | design_3_i/ps7_0_axi_periph/s00_couplers/auto_pc/inst/gen_axilite.gen_b2s_conv.axilite_b2s/areset_d1                                                  |                5 |             10 |         2.00 |
|  design_3_i/processing_system7_1/inst/FCLK_CLK0 | design_3_i/ps7_0_axi_periph/s00_couplers/auto_pc/inst/gen_axilite.gen_b2s_conv.axilite_b2s/RD.ar_channel_0/ar_cmd_fsm_0/sel_first_reg[0]                       |                                                                                                                                                       |                3 |             12 |         4.00 |
|  design_3_i/processing_system7_1/inst/FCLK_CLK0 | design_3_i/ps7_0_axi_periph/s00_couplers/auto_pc/inst/gen_axilite.gen_b2s_conv.axilite_b2s/RD.ar_channel_0/ar_cmd_fsm_0/E[0]                                   |                                                                                                                                                       |                7 |             12 |         1.71 |
|  design_3_i/processing_system7_1/inst/FCLK_CLK0 | design_3_i/ps7_0_axi_periph/s00_couplers/auto_pc/inst/gen_axilite.gen_b2s_conv.axilite_b2s/WR.aw_channel_0/aw_cmd_fsm_0/m_valid_i_reg[0]                       |                                                                                                                                                       |                6 |             12 |         2.00 |
|  design_3_i/processing_system7_1/inst/FCLK_CLK0 | design_3_i/ps7_0_axi_periph/s00_couplers/auto_pc/inst/gen_axilite.gen_b2s_conv.axilite_b2s/WR.aw_channel_0/cmd_translator_0/incr_cmd_0/axaddr_incr[11]_i_1_n_0 |                                                                                                                                                       |                4 |             12 |         3.00 |
|  design_3_i/processing_system7_1/inst/FCLK_CLK0 | design_3_i/ps7_0_axi_periph/s00_couplers/auto_pc/inst/gen_axilite.gen_b2s_conv.axilite_b2s/RD.r_channel_0/r_push_r                                             |                                                                                                                                                       |                6 |             13 |         2.17 |
|  design_3_i/processing_system7_1/inst/FCLK_CLK0 | design_3_i/ps7_0_axi_periph/s00_couplers/auto_pc/inst/gen_axilite.gen_b2s_conv.axilite_b2s/SI_REG/b.b_pipe/p_1_in                                              |                                                                                                                                                       |                3 |             14 |         4.67 |
|  design_3_i/processing_system7_1/inst/FCLK_CLK0 | design_3_i/ps7_0_axi_periph/s00_couplers/auto_pc/inst/gen_axilite.gen_b2s_conv.axilite_b2s/SI_REG/b.b_pipe/s_ready_i_reg_0                                     |                                                                                                                                                       |                3 |             14 |         4.67 |
|  design_3_i/processing_system7_1/inst/FCLK_CLK0 | design_3_i/axi_gpio_0/U0/AXI_LITE_IPIF_I/I_SLAVE_ATTACHMENT/I_DECODER/E[0]                                                                                     | design_3_i/axi_gpio_0/U0/AXI_LITE_IPIF_I/I_SLAVE_ATTACHMENT/SR[0]                                                                                     |                4 |             16 |         4.00 |
|  design_3_i/processing_system7_1/inst/FCLK_CLK0 |                                                                                                                                                                | design_3_i/axi_gpio_0/U0/gpio_core_1/Read_Reg_Rst__0                                                                                                  |                6 |             16 |         2.67 |
|  design_3_i/processing_system7_1/inst/FCLK_CLK0 | design_3_i/ps7_0_axi_periph/s00_couplers/auto_pc/inst/gen_axilite.gen_b2s_conv.axilite_b2s/WR.aw_channel_0/aw_cmd_fsm_0/m_axi_awready_0                        |                                                                                                                                                       |                3 |             16 |         5.33 |
|  design_3_i/processing_system7_1/inst/FCLK_CLK0 |                                                                                                                                                                | design_3_i/axi_gpio_1/U0/gpio_core_1/Read_Reg_Rst__0                                                                                                  |                5 |             16 |         3.20 |
|  design_3_i/processing_system7_1/inst/FCLK_CLK0 | design_3_i/axi_gpio_1/U0/AXI_LITE_IPIF_I/I_SLAVE_ATTACHMENT/I_DECODER/E[0]                                                                                     | design_3_i/axi_gpio_1/U0/AXI_LITE_IPIF_I/I_SLAVE_ATTACHMENT/SR[0]                                                                                     |                5 |             16 |         3.20 |
|  design_3_i/processing_system7_1/inst/FCLK_CLK0 | design_3_i/axi_gpio_0/U0/AXI_LITE_IPIF_I/I_SLAVE_ATTACHMENT/s_axi_rresp_i                                                                                      | design_3_i/axi_gpio_0/U0/AXI_LITE_IPIF_I/I_SLAVE_ATTACHMENT/SR[0]                                                                                     |                4 |             17 |         4.25 |
|  design_3_i/processing_system7_1/inst/FCLK_CLK0 |                                                                                                                                                                | design_3_i/ps7_0_axi_periph/xbar/inst/gen_sasd.crossbar_sasd_0/addr_arbiter_inst/SR[0]                                                                |                5 |             17 |         3.40 |
|  design_3_i/processing_system7_1/inst/FCLK_CLK0 | design_3_i/axi_gpio_1/U0/AXI_LITE_IPIF_I/I_SLAVE_ATTACHMENT/s_axi_rresp_i                                                                                      | design_3_i/axi_gpio_1/U0/AXI_LITE_IPIF_I/I_SLAVE_ATTACHMENT/SR[0]                                                                                     |                8 |             17 |         2.12 |
|  design_3_i/processing_system7_1/inst/FCLK_CLK0 | design_3_i/ps7_0_axi_periph/xbar/inst/gen_sasd.crossbar_sasd_0/addr_arbiter_inst/p_0_in1_in                                                                    | design_3_i/ps7_0_axi_periph/xbar/inst/gen_sasd.crossbar_sasd_0/addr_arbiter_inst/SR[0]                                                                |                9 |             19 |         2.11 |
|  design_3_i/processing_system7_1/inst/FCLK_CLK0 |                                                                                                                                                                | design_3_i/axi_gpio_3/U0/AXI_LITE_IPIF_I/I_SLAVE_ATTACHMENT/SS[0]                                                                                     |                7 |             20 |         2.86 |
|  design_3_i/processing_system7_1/inst/FCLK_CLK0 |                                                                                                                                                                | design_3_i/axi_gpio_7/U0/AXI_LITE_IPIF_I/I_SLAVE_ATTACHMENT/SS[0]                                                                                     |                6 |             20 |         3.33 |
|  design_3_i/processing_system7_1/inst/FCLK_CLK0 | design_3_i/ps7_0_axi_periph/s00_couplers/auto_pc/inst/gen_axilite.gen_b2s_conv.axilite_b2s/RD.ar_channel_0/ar_cmd_fsm_0/m_axi_arready_2                        |                                                                                                                                                       |               10 |             21 |         2.10 |
|  design_3_i/processing_system7_1/inst/FCLK_CLK0 |                                                                                                                                                                | design_3_i/axi_gpio_6/U0/AXI_LITE_IPIF_I/I_SLAVE_ATTACHMENT/SR[0]                                                                                     |                7 |             24 |         3.43 |
|  design_3_i/processing_system7_1/inst/FCLK_CLK0 | design_3_i/ps7_0_axi_periph/s00_couplers/auto_pc/inst/gen_axilite.gen_b2s_conv.axilite_b2s/WR.aw_channel_0/aw_cmd_fsm_0/FSM_sequential_state_reg[0]_1          |                                                                                                                                                       |               10 |             24 |         2.40 |
|  design_3_i/processing_system7_1/inst/FCLK_CLK0 |                                                                                                                                                                | design_3_i/axi_gpio_4/U0/AXI_LITE_IPIF_I/I_SLAVE_ATTACHMENT/SR[0]                                                                                     |                9 |             24 |         2.67 |
|  design_3_i/processing_system7_1/inst/FCLK_CLK0 | design_3_i/axi_gpio_5/U0/AXI_LITE_IPIF_I/I_SLAVE_ATTACHMENT/I_DECODER/E[0]                                                                                     | design_3_i/axi_gpio_5/U0/AXI_LITE_IPIF_I/I_SLAVE_ATTACHMENT/SR[0]                                                                                     |                8 |             32 |         4.00 |
|  design_3_i/processing_system7_1/inst/FCLK_CLK0 |                                                                                                                                                                | design_3_i/axi_gpio_8/U0/AXI_LITE_IPIF_I/I_SLAVE_ATTACHMENT/I_DECODER/bus2ip_rnw_i_reg                                                                |               18 |             32 |         1.78 |
|  design_3_i/processing_system7_1/inst/FCLK_CLK0 | design_3_i/axi_gpio_8/U0/AXI_LITE_IPIF_I/I_SLAVE_ATTACHMENT/I_DECODER/E[0]                                                                                     | design_3_i/axi_gpio_8/U0/AXI_LITE_IPIF_I/I_SLAVE_ATTACHMENT/SR[0]                                                                                     |               13 |             32 |         2.46 |
|  design_3_i/processing_system7_1/inst/FCLK_CLK0 | design_3_i/axi_gpio_8/U0/AXI_LITE_IPIF_I/I_SLAVE_ATTACHMENT/s_axi_rresp_i                                                                                      | design_3_i/axi_gpio_8/U0/AXI_LITE_IPIF_I/I_SLAVE_ATTACHMENT/SR[0]                                                                                     |               10 |             32 |         3.20 |
|  design_3_i/processing_system7_1/inst/FCLK_CLK0 |                                                                                                                                                                | design_3_i/axi_gpio_2/U0/gpio_core_1/Read_Reg_Rst__0                                                                                                  |                8 |             32 |         4.00 |
|  design_3_i/processing_system7_1/inst/FCLK_CLK0 | design_3_i/rsa_encrypt_0/inst/calc_done                                                                                                                        |                                                                                                                                                       |               25 |             32 |         1.28 |
|  design_3_i/processing_system7_1/inst/FCLK_CLK0 |                                                                                                                                                                | design_3_i/axi_gpio_1/U0/AXI_LITE_IPIF_I/I_SLAVE_ATTACHMENT/SR[0]                                                                                     |               10 |             32 |         3.20 |
|  design_3_i/processing_system7_1/inst/FCLK_CLK0 |                                                                                                                                                                | design_3_i/axi_gpio_5/U0/AXI_LITE_IPIF_I/I_SLAVE_ATTACHMENT/I_DECODER/bus2ip_rnw_i_reg                                                                |                8 |             32 |         4.00 |
|  design_3_i/processing_system7_1/inst/FCLK_CLK0 | design_3_i/axi_gpio_2/U0/AXI_LITE_IPIF_I/I_SLAVE_ATTACHMENT/I_DECODER/E[0]                                                                                     | design_3_i/axi_gpio_2/U0/AXI_LITE_IPIF_I/I_SLAVE_ATTACHMENT/SR[0]                                                                                     |                7 |             32 |         4.57 |
|  design_3_i/processing_system7_1/inst/FCLK_CLK0 |                                                                                                                                                                | design_3_i/axi_gpio_0/U0/AXI_LITE_IPIF_I/I_SLAVE_ATTACHMENT/SR[0]                                                                                     |               10 |             32 |         3.20 |
|  design_3_i/processing_system7_1/inst/FCLK_CLK0 | design_3_i/axi_gpio_2/U0/AXI_LITE_IPIF_I/I_SLAVE_ATTACHMENT/s_axi_rresp_i                                                                                      | design_3_i/axi_gpio_2/U0/AXI_LITE_IPIF_I/I_SLAVE_ATTACHMENT/SR[0]                                                                                     |               10 |             32 |         3.20 |
|  design_3_i/processing_system7_1/inst/FCLK_CLK0 | design_3_i/axi_gpio_5/U0/AXI_LITE_IPIF_I/I_SLAVE_ATTACHMENT/s_axi_rresp_i                                                                                      | design_3_i/axi_gpio_5/U0/AXI_LITE_IPIF_I/I_SLAVE_ATTACHMENT/SR[0]                                                                                     |               10 |             32 |         3.20 |
|  design_3_i/processing_system7_1/inst/FCLK_CLK0 | design_3_i/ps7_0_axi_periph/xbar/inst/gen_sasd.crossbar_sasd_0/reg_slice_r/aa_rready                                                                           |                                                                                                                                                       |                8 |             34 |         4.25 |
|  design_3_i/processing_system7_1/inst/FCLK_CLK0 | design_3_i/ps7_0_axi_periph/s00_couplers/auto_pc/inst/gen_axilite.gen_b2s_conv.axilite_b2s/RD.r_channel_0/rd_data_fifo_0/wr_en0                                |                                                                                                                                                       |                9 |             34 |         3.78 |
|  design_3_i/processing_system7_1/inst/FCLK_CLK0 | design_3_i/ps7_0_axi_periph/xbar/inst/gen_sasd.crossbar_sasd_0/addr_arbiter_inst/E[0]                                                                          |                                                                                                                                                       |                9 |             35 |         3.89 |
|  design_3_i/processing_system7_1/inst/FCLK_CLK0 | design_3_i/rsa_decrypt_0/inst/result                                                                                                                           | design_3_i/rsa_decrypt_0/inst/temp_base1__3                                                                                                           |               24 |             47 |         1.96 |
|  design_3_i/processing_system7_1/inst/FCLK_CLK0 |                                                                                                                                                                | design_3_i/axi_gpio_8/U0/AXI_LITE_IPIF_I/I_SLAVE_ATTACHMENT/SR[0]                                                                                     |               19 |             47 |         2.47 |
|  design_3_i/processing_system7_1/inst/FCLK_CLK0 | design_3_i/ps7_0_axi_periph/s00_couplers/auto_pc/inst/gen_axilite.gen_b2s_conv.axilite_b2s/SI_REG/r.r_pipe/p_1_in                                              |                                                                                                                                                       |               10 |             47 |         4.70 |
|  design_3_i/processing_system7_1/inst/FCLK_CLK0 |                                                                                                                                                                | design_3_i/axi_gpio_5/U0/AXI_LITE_IPIF_I/I_SLAVE_ATTACHMENT/SR[0]                                                                                     |               15 |             47 |         3.13 |
|  design_3_i/processing_system7_1/inst/FCLK_CLK0 |                                                                                                                                                                | design_3_i/axi_gpio_2/U0/AXI_LITE_IPIF_I/I_SLAVE_ATTACHMENT/SR[0]                                                                                     |               15 |             47 |         3.13 |
|  design_3_i/processing_system7_1/inst/FCLK_CLK0 | design_3_i/ps7_0_axi_periph/s00_couplers/auto_pc/inst/gen_axilite.gen_b2s_conv.axilite_b2s/SI_REG/r.r_pipe/s_ready_i_reg_0                                     |                                                                                                                                                       |               16 |             47 |         2.94 |
|  design_3_i/processing_system7_1/inst/FCLK_CLK0 | design_3_i/ps7_0_axi_periph/s00_couplers/auto_pc/inst/gen_axilite.gen_b2s_conv.axilite_b2s/WR.aw_channel_0/aw_cmd_fsm_0/E[0]                                   |                                                                                                                                                       |               13 |             48 |         3.69 |
|  design_3_i/processing_system7_1/inst/FCLK_CLK0 | design_3_i/ps7_0_axi_periph/s00_couplers/auto_pc/inst/gen_axilite.gen_b2s_conv.axilite_b2s/SI_REG/ar.ar_pipe/s_ready_i_reg_0                                   |                                                                                                                                                       |               19 |             48 |         2.53 |
|  design_3_i/processing_system7_1/inst/FCLK_CLK0 | design_3_i/ps7_0_axi_periph/s00_couplers/auto_pc/inst/gen_axilite.gen_b2s_conv.axilite_b2s/SI_REG/aw.aw_pipe/s_ready_i_reg_0                                   |                                                                                                                                                       |               16 |             48 |         3.00 |
|  design_3_i/processing_system7_1/inst/FCLK_CLK0 | design_3_i/ps7_0_axi_periph/s00_couplers/auto_pc/inst/gen_axilite.gen_b2s_conv.axilite_b2s/RD.ar_channel_0/ar_cmd_fsm_0/m_valid_i_reg[0]                       |                                                                                                                                                       |               16 |             48 |         3.00 |
|  design_3_i/processing_system7_1/inst/FCLK_CLK0 | design_3_i/rsa_encrypt_0/inst/temp_exp                                                                                                                         |                                                                                                                                                       |               28 |             62 |         2.21 |
|  design_3_i/processing_system7_1/inst/FCLK_CLK0 | design_3_i/rsa_encrypt_0/inst/result                                                                                                                           | design_3_i/rsa_encrypt_0/inst/temp_base1__3                                                                                                           |               24 |             62 |         2.58 |
|  design_3_i/processing_system7_1/inst/FCLK_CLK0 | design_3_i/rsa_decrypt_0/inst/temp_exp                                                                                                                         |                                                                                                                                                       |               33 |             76 |         2.30 |
|  design_3_i/processing_system7_1/inst/FCLK_CLK0 |                                                                                                                                                                |                                                                                                                                                       |              180 |            561 |         3.12 |
+-------------------------------------------------+----------------------------------------------------------------------------------------------------------------------------------------------------------------+-------------------------------------------------------------------------------------------------------------------------------------------------------+------------------+----------------+--------------+


